<?xml version="1.0" encoding="UTF-8"?>
<!-- Generated by org.testng.reporters.JUnitReportReporter -->
<testsuite hostname="Automation_JAVA" failures="0" tests="1" name="SimpleProj" time="0.018" errors="0" timestamp="2025-01-11T12:23:25 IST" skipped="0">
  <testcase classname="SimpleProj" name="sample" time="0.018"/>
  <system-out/>
</testsuite> <!-- SimpleProj -->
